mode: set
github.com/fall-out-bug/sdp/src/sdp/agents/code_analyzer.go:43.38,45.2 1 1
github.com/fall-out-bug/sdp/src/sdp/agents/code_analyzer.go:48.85,50.16 2 1
github.com/fall-out-bug/sdp/src/sdp/agents/code_analyzer.go:50.16,52.3 1 0
github.com/fall-out-bug/sdp/src/sdp/agents/code_analyzer.go:54.2,76.35 4 1
github.com/fall-out-bug/sdp/src/sdp/agents/code_analyzer.go:76.35,80.30 2 1
github.com/fall-out-bug/sdp/src/sdp/agents/code_analyzer.go:80.30,82.25 2 1
github.com/fall-out-bug/sdp/src/sdp/agents/code_analyzer.go:82.25,86.19 2 1
github.com/fall-out-bug/sdp/src/sdp/agents/code_analyzer.go:87.24,89.25 2 1
github.com/fall-out-bug/sdp/src/sdp/agents/code_analyzer.go:90.24,92.23 2 1
github.com/fall-out-bug/sdp/src/sdp/agents/code_analyzer.go:95.5,101.10 2 1
github.com/fall-out-bug/sdp/src/sdp/agents/code_analyzer.go:106.2,106.20 1 1
github.com/fall-out-bug/sdp/src/sdp/agents/code_analyzer.go:110.93,112.16 2 1
github.com/fall-out-bug/sdp/src/sdp/agents/code_analyzer.go:112.16,114.3 1 0
github.com/fall-out-bug/sdp/src/sdp/agents/code_analyzer.go:116.2,142.35 4 1
github.com/fall-out-bug/sdp/src/sdp/agents/code_analyzer.go:142.35,145.30 2 1
github.com/fall-out-bug/sdp/src/sdp/agents/code_analyzer.go:145.30,147.25 2 1
github.com/fall-out-bug/sdp/src/sdp/agents/code_analyzer.go:147.25,152.46 3 1
github.com/fall-out-bug/sdp/src/sdp/agents/code_analyzer.go:152.46,154.6 1 1
github.com/fall-out-bug/sdp/src/sdp/agents/code_analyzer.go:157.5,157.47 1 1
github.com/fall-out-bug/sdp/src/sdp/agents/code_analyzer.go:157.47,160.6 2 1
github.com/fall-out-bug/sdp/src/sdp/agents/code_analyzer.go:162.5,168.10 2 1
github.com/fall-out-bug/sdp/src/sdp/agents/code_analyzer.go:173.2,173.19 1 1
github.com/fall-out-bug/sdp/src/sdp/agents/code_analyzer.go:177.86,179.16 2 1
github.com/fall-out-bug/sdp/src/sdp/agents/code_analyzer.go:179.16,181.3 1 0
github.com/fall-out-bug/sdp/src/sdp/agents/code_analyzer.go:183.2,190.35 5 1
github.com/fall-out-bug/sdp/src/sdp/agents/code_analyzer.go:190.35,194.24 3 1
github.com/fall-out-bug/sdp/src/sdp/agents/code_analyzer.go:194.24,198.42 2 1
github.com/fall-out-bug/sdp/src/sdp/agents/code_analyzer.go:198.42,199.13 1 1
github.com/fall-out-bug/sdp/src/sdp/agents/code_analyzer.go:203.4,205.23 3 0
github.com/fall-out-bug/sdp/src/sdp/agents/code_analyzer.go:205.23,209.30 3 0
github.com/fall-out-bug/sdp/src/sdp/agents/code_analyzer.go:209.30,211.17 2 0
github.com/fall-out-bug/sdp/src/sdp/agents/code_analyzer.go:211.17,214.25 2 0
github.com/fall-out-bug/sdp/src/sdp/agents/code_analyzer.go:214.25,216.8 1 0
github.com/fall-out-bug/sdp/src/sdp/agents/code_analyzer.go:222.4,223.59 2 0
github.com/fall-out-bug/sdp/src/sdp/agents/code_analyzer.go:223.59,225.29 2 0
github.com/fall-out-bug/sdp/src/sdp/agents/code_analyzer.go:225.29,227.11 2 0
github.com/fall-out-bug/sdp/src/sdp/agents/code_analyzer.go:231.4,238.6 1 0
github.com/fall-out-bug/sdp/src/sdp/agents/code_analyzer.go:242.2,242.21 1 1
github.com/fall-out-bug/sdp/src/sdp/agents/code_analyzer.go:250.29,261.38 2 1
github.com/fall-out-bug/sdp/src/sdp/agents/code_analyzer.go:261.38,262.55 1 1
github.com/fall-out-bug/sdp/src/sdp/agents/code_analyzer.go:262.55,264.4 1 1
github.com/fall-out-bug/sdp/src/sdp/agents/code_analyzer.go:266.3,281.81 2 1
github.com/fall-out-bug/sdp/src/sdp/agents/code_analyzer.go:281.81,290.4 1 1
github.com/fall-out-bug/sdp/src/sdp/agents/code_analyzer.go:292.3,292.72 1 1
github.com/fall-out-bug/sdp/src/sdp/agents/code_analyzer.go:295.2,295.22 1 1
github.com/fall-out-bug/sdp/src/sdp/agents/code_analyzer.go:299.100,302.47 2 1
github.com/fall-out-bug/sdp/src/sdp/agents/code_analyzer.go:302.47,304.3 1 0
github.com/fall-out-bug/sdp/src/sdp/agents/code_analyzer.go:307.2,308.16 2 1
github.com/fall-out-bug/sdp/src/sdp/agents/code_analyzer.go:308.16,310.3 1 0
github.com/fall-out-bug/sdp/src/sdp/agents/code_analyzer.go:313.2,313.61 1 1
github.com/fall-out-bug/sdp/src/sdp/agents/code_analyzer.go:313.61,315.3 1 0
github.com/fall-out-bug/sdp/src/sdp/agents/code_analyzer.go:317.2,317.12 1 1
github.com/fall-out-bug/sdp/src/sdp/agents/code_analyzer.go:326.9,330.23 3 0
github.com/fall-out-bug/sdp/src/sdp/agents/code_analyzer.go:331.17,333.38 2 0
github.com/fall-out-bug/sdp/src/sdp/agents/code_analyzer.go:333.38,335.18 2 0
github.com/fall-out-bug/sdp/src/sdp/agents/code_analyzer.go:335.18,337.5 1 0
github.com/fall-out-bug/sdp/src/sdp/agents/code_analyzer.go:338.4,338.44 1 0
github.com/fall-out-bug/sdp/src/sdp/agents/code_analyzer.go:340.3,341.17 2 0
github.com/fall-out-bug/sdp/src/sdp/agents/code_analyzer.go:341.17,343.4 1 0
github.com/fall-out-bug/sdp/src/sdp/agents/code_analyzer.go:345.18,347.38 2 0
github.com/fall-out-bug/sdp/src/sdp/agents/code_analyzer.go:347.38,349.18 2 0
github.com/fall-out-bug/sdp/src/sdp/agents/code_analyzer.go:349.18,351.5 1 0
github.com/fall-out-bug/sdp/src/sdp/agents/code_analyzer.go:352.4,352.41 1 0
github.com/fall-out-bug/sdp/src/sdp/agents/code_analyzer.go:355.3,356.33 2 0
github.com/fall-out-bug/sdp/src/sdp/agents/code_analyzer.go:356.33,363.4 1 0
github.com/fall-out-bug/sdp/src/sdp/agents/code_analyzer.go:364.3,365.17 2 0
github.com/fall-out-bug/sdp/src/sdp/agents/code_analyzer.go:365.17,367.4 1 0
github.com/fall-out-bug/sdp/src/sdp/agents/code_analyzer.go:369.13,379.4 1 0
github.com/fall-out-bug/sdp/src/sdp/agents/code_analyzer.go:381.10,382.65 1 0
github.com/fall-out-bug/sdp/src/sdp/agents/code_analyzer.go:386.2,386.72 1 0
github.com/fall-out-bug/sdp/src/sdp/agents/code_analyzer.go:386.72,388.3 1 0
github.com/fall-out-bug/sdp/src/sdp/agents/code_analyzer.go:390.2,390.12 1 0
github.com/fall-out-bug/sdp/src/sdp/agents/contract_generator.go:18.42,20.2 1 1
github.com/fall-out-bug/sdp/src/sdp/agents/contract_generator.go:23.48,27.2 1 1
github.com/fall-out-bug/sdp/src/sdp/agents/contract_generator.go:30.91,38.29 5 1
github.com/fall-out-bug/sdp/src/sdp/agents/contract_generator.go:38.29,42.85 2 1
github.com/fall-out-bug/sdp/src/sdp/agents/contract_generator.go:42.85,45.12 3 1
github.com/fall-out-bug/sdp/src/sdp/agents/contract_generator.go:49.3,49.30 1 1
github.com/fall-out-bug/sdp/src/sdp/agents/contract_generator.go:49.30,50.9 1 1
github.com/fall-out-bug/sdp/src/sdp/agents/contract_generator.go:54.3,54.99 1 1
github.com/fall-out-bug/sdp/src/sdp/agents/contract_generator.go:54.99,56.23 2 1
github.com/fall-out-bug/sdp/src/sdp/agents/contract_generator.go:56.23,58.70 1 1
github.com/fall-out-bug/sdp/src/sdp/agents/contract_generator.go:58.70,67.6 3 1
github.com/fall-out-bug/sdp/src/sdp/agents/contract_generator.go:72.2,72.18 1 1
github.com/fall-out-bug/sdp/src/sdp/agents/contract_generator.go:72.18,74.3 1 0
github.com/fall-out-bug/sdp/src/sdp/agents/contract_generator.go:76.2,76.20 1 1
github.com/fall-out-bug/sdp/src/sdp/agents/contract_generator.go:80.93,87.52 2 0
github.com/fall-out-bug/sdp/src/sdp/agents/contract_generator.go:87.52,89.3 1 0
github.com/fall-out-bug/sdp/src/sdp/agents/contract_generator.go:91.2,91.20 1 0
github.com/fall-out-bug/sdp/src/sdp/agents/contract_generator.go:95.98,103.29 5 1
github.com/fall-out-bug/sdp/src/sdp/agents/contract_generator.go:103.29,107.57 2 1
github.com/fall-out-bug/sdp/src/sdp/agents/contract_generator.go:107.57,110.12 3 1
github.com/fall-out-bug/sdp/src/sdp/agents/contract_generator.go:114.3,114.33 1 1
github.com/fall-out-bug/sdp/src/sdp/agents/contract_generator.go:114.33,115.9 1 1
github.com/fall-out-bug/sdp/src/sdp/agents/contract_generator.go:119.3,119.66 1 1
github.com/fall-out-bug/sdp/src/sdp/agents/contract_generator.go:119.66,121.74 1 1
github.com/fall-out-bug/sdp/src/sdp/agents/contract_generator.go:121.74,123.24 2 1
github.com/fall-out-bug/sdp/src/sdp/agents/contract_generator.go:123.24,134.6 5 1
github.com/fall-out-bug/sdp/src/sdp/agents/contract_generator.go:139.2,139.21 1 1
github.com/fall-out-bug/sdp/src/sdp/agents/contract_generator.go:139.21,141.3 1 0
github.com/fall-out-bug/sdp/src/sdp/agents/contract_generator.go:143.2,143.20 1 1
github.com/fall-out-bug/sdp/src/sdp/agents/contract_generator.go:150.29,160.31 2 1
github.com/fall-out-bug/sdp/src/sdp/agents/contract_generator.go:160.31,161.55 1 1
github.com/fall-out-bug/sdp/src/sdp/agents/contract_generator.go:161.55,163.4 1 1
github.com/fall-out-bug/sdp/src/sdp/agents/contract_generator.go:165.3,183.81 2 1
github.com/fall-out-bug/sdp/src/sdp/agents/contract_generator.go:183.81,195.4 1 1
github.com/fall-out-bug/sdp/src/sdp/agents/contract_generator.go:197.3,197.72 1 1
github.com/fall-out-bug/sdp/src/sdp/agents/contract_generator.go:200.2,200.22 1 1
github.com/fall-out-bug/sdp/src/sdp/agents/contract_generator.go:207.29,216.45 2 1
github.com/fall-out-bug/sdp/src/sdp/agents/contract_generator.go:216.45,219.43 2 1
github.com/fall-out-bug/sdp/src/sdp/agents/contract_generator.go:219.43,223.36 2 1
github.com/fall-out-bug/sdp/src/sdp/agents/contract_generator.go:223.36,225.53 2 1
github.com/fall-out-bug/sdp/src/sdp/agents/contract_generator.go:225.53,227.59 2 1
github.com/fall-out-bug/sdp/src/sdp/agents/contract_generator.go:227.59,231.7 1 1
github.com/fall-out-bug/sdp/src/sdp/agents/contract_generator.go:232.6,235.7 1 1
github.com/fall-out-bug/sdp/src/sdp/agents/contract_generator.go:240.4,241.58 2 1
github.com/fall-out-bug/sdp/src/sdp/agents/contract_generator.go:241.58,243.53 2 1
github.com/fall-out-bug/sdp/src/sdp/agents/contract_generator.go:243.53,245.46 2 0
github.com/fall-out-bug/sdp/src/sdp/agents/contract_generator.go:245.46,249.7 1 0
github.com/fall-out-bug/sdp/src/sdp/agents/contract_generator.go:250.6,253.7 1 0
github.com/fall-out-bug/sdp/src/sdp/agents/contract_generator.go:254.11,256.6 1 1
github.com/fall-out-bug/sdp/src/sdp/agents/contract_generator.go:258.4,260.45 2 1
github.com/fall-out-bug/sdp/src/sdp/agents/contract_generator.go:264.2,264.22 1 1
github.com/fall-out-bug/sdp/src/sdp/agents/contract_generator.go:268.85,272.38 3 1
github.com/fall-out-bug/sdp/src/sdp/agents/contract_generator.go:272.38,274.21 2 1
github.com/fall-out-bug/sdp/src/sdp/agents/contract_generator.go:274.21,276.4 1 1
github.com/fall-out-bug/sdp/src/sdp/agents/contract_generator.go:279.2,283.3 1 1
github.com/fall-out-bug/sdp/src/sdp/agents/contract_generator.go:289.44,290.16 1 1
github.com/fall-out-bug/sdp/src/sdp/agents/contract_generator.go:291.16,292.18 1 1
github.com/fall-out-bug/sdp/src/sdp/agents/contract_generator.go:293.51,294.19 1 0
github.com/fall-out-bug/sdp/src/sdp/agents/contract_generator.go:295.28,296.18 1 0
github.com/fall-out-bug/sdp/src/sdp/agents/contract_generator.go:297.14,298.19 1 0
github.com/fall-out-bug/sdp/src/sdp/agents/contract_generator.go:299.10,300.38 1 1
github.com/fall-out-bug/sdp/src/sdp/agents/contract_generator.go:300.38,302.4 1 0
github.com/fall-out-bug/sdp/src/sdp/agents/contract_generator.go:303.3,303.40 1 1
github.com/fall-out-bug/sdp/src/sdp/agents/contract_generator.go:303.40,305.4 1 1
github.com/fall-out-bug/sdp/src/sdp/agents/contract_generator.go:306.3,306.18 1 0
github.com/fall-out-bug/sdp/src/sdp/agents/contract_generator.go:311.44,316.16 3 1
github.com/fall-out-bug/sdp/src/sdp/agents/contract_generator.go:317.16,318.18 1 1
github.com/fall-out-bug/sdp/src/sdp/agents/contract_generator.go:319.16,320.18 1 0
github.com/fall-out-bug/sdp/src/sdp/agents/contract_generator.go:321.17,322.19 1 0
github.com/fall-out-bug/sdp/src/sdp/agents/contract_generator.go:323.10,324.42 1 0
github.com/fall-out-bug/sdp/src/sdp/agents/contract_generator.go:324.42,326.4 1 0
github.com/fall-out-bug/sdp/src/sdp/agents/contract_generator.go:327.3,327.43 1 0
github.com/fall-out-bug/sdp/src/sdp/agents/contract_generator.go:327.43,329.4 1 0
github.com/fall-out-bug/sdp/src/sdp/agents/contract_generator.go:330.3,330.18 1 0
github.com/fall-out-bug/sdp/src/sdp/agents/contract_generator.go:335.105,336.18 1 0
github.com/fall-out-bug/sdp/src/sdp/agents/contract_generator.go:337.12,338.51 1 0
github.com/fall-out-bug/sdp/src/sdp/agents/contract_generator.go:339.34,340.55 1 0
github.com/fall-out-bug/sdp/src/sdp/agents/contract_generator.go:341.10,342.63 1 0
github.com/fall-out-bug/sdp/src/sdp/agents/contract_generator.go:347.87,355.29 4 0
github.com/fall-out-bug/sdp/src/sdp/agents/contract_generator.go:355.29,358.24 3 0
github.com/fall-out-bug/sdp/src/sdp/agents/contract_generator.go:358.24,364.4 1 0
github.com/fall-out-bug/sdp/src/sdp/agents/contract_generator.go:367.2,367.20 1 0
github.com/fall-out-bug/sdp/src/sdp/agents/synthesis_agent.go:110.52,117.2 3 1
github.com/fall-out-bug/sdp/src/sdp/agents/synthesis_agent.go:120.99,123.16 2 1
github.com/fall-out-bug/sdp/src/sdp/agents/synthesis_agent.go:123.16,125.3 1 0
github.com/fall-out-bug/sdp/src/sdp/agents/synthesis_agent.go:128.2,133.16 4 1
github.com/fall-out-bug/sdp/src/sdp/agents/synthesis_agent.go:133.16,135.3 1 0
github.com/fall-out-bug/sdp/src/sdp/agents/synthesis_agent.go:137.2,140.8 1 1
github.com/fall-out-bug/sdp/src/sdp/agents/synthesis_agent.go:144.99,151.32 4 1
github.com/fall-out-bug/sdp/src/sdp/agents/synthesis_agent.go:151.32,152.21 1 1
github.com/fall-out-bug/sdp/src/sdp/agents/synthesis_agent.go:152.21,153.12 1 0
github.com/fall-out-bug/sdp/src/sdp/agents/synthesis_agent.go:156.3,169.30 5 1
github.com/fall-out-bug/sdp/src/sdp/agents/synthesis_agent.go:169.30,172.63 2 1
github.com/fall-out-bug/sdp/src/sdp/agents/synthesis_agent.go:172.63,176.13 3 0
github.com/fall-out-bug/sdp/src/sdp/agents/synthesis_agent.go:179.4,179.77 1 1
github.com/fall-out-bug/sdp/src/sdp/agents/synthesis_agent.go:179.77,185.83 4 1
github.com/fall-out-bug/sdp/src/sdp/agents/synthesis_agent.go:185.83,187.31 2 1
github.com/fall-out-bug/sdp/src/sdp/agents/synthesis_agent.go:187.31,189.18 2 1
github.com/fall-out-bug/sdp/src/sdp/agents/synthesis_agent.go:189.18,195.8 1 1
github.com/fall-out-bug/sdp/src/sdp/agents/synthesis_agent.go:198.5,198.13 1 1
github.com/fall-out-bug/sdp/src/sdp/agents/synthesis_agent.go:201.4,201.43 1 1
github.com/fall-out-bug/sdp/src/sdp/agents/synthesis_agent.go:201.43,207.83 4 1
github.com/fall-out-bug/sdp/src/sdp/agents/synthesis_agent.go:207.83,209.31 2 1
github.com/fall-out-bug/sdp/src/sdp/agents/synthesis_agent.go:209.31,211.18 2 1
github.com/fall-out-bug/sdp/src/sdp/agents/synthesis_agent.go:211.18,217.8 1 1
github.com/fall-out-bug/sdp/src/sdp/agents/synthesis_agent.go:220.5,220.13 1 1
github.com/fall-out-bug/sdp/src/sdp/agents/synthesis_agent.go:224.4,224.36 1 1
github.com/fall-out-bug/sdp/src/sdp/agents/synthesis_agent.go:224.36,226.80 2 1
github.com/fall-out-bug/sdp/src/sdp/agents/synthesis_agent.go:226.80,232.26 2 0
github.com/fall-out-bug/sdp/src/sdp/agents/synthesis_agent.go:232.26,234.7 1 0
github.com/fall-out-bug/sdp/src/sdp/agents/synthesis_agent.go:234.12,234.34 1 0
github.com/fall-out-bug/sdp/src/sdp/agents/synthesis_agent.go:234.34,236.7 1 0
github.com/fall-out-bug/sdp/src/sdp/agents/synthesis_agent.go:241.3,241.42 1 1
github.com/fall-out-bug/sdp/src/sdp/agents/synthesis_agent.go:244.2,244.23 1 1
github.com/fall-out-bug/sdp/src/sdp/agents/synthesis_agent.go:248.110,259.50 2 1
github.com/fall-out-bug/sdp/src/sdp/agents/synthesis_agent.go:259.50,262.3 2 1
github.com/fall-out-bug/sdp/src/sdp/agents/synthesis_agent.go:264.2,264.22 1 1
github.com/fall-out-bug/sdp/src/sdp/agents/synthesis_agent.go:268.83,286.89 3 1
github.com/fall-out-bug/sdp/src/sdp/agents/synthesis_agent.go:286.89,295.3 1 1
github.com/fall-out-bug/sdp/src/sdp/agents/synthesis_agent.go:297.2,298.17 2 1
github.com/fall-out-bug/sdp/src/sdp/agents/synthesis_agent.go:302.87,303.29 1 1
github.com/fall-out-bug/sdp/src/sdp/agents/synthesis_agent.go:303.29,305.3 1 0
github.com/fall-out-bug/sdp/src/sdp/agents/synthesis_agent.go:307.2,310.38 3 1
github.com/fall-out-bug/sdp/src/sdp/agents/synthesis_agent.go:310.38,312.21 2 1
github.com/fall-out-bug/sdp/src/sdp/agents/synthesis_agent.go:312.21,314.4 1 1
github.com/fall-out-bug/sdp/src/sdp/agents/synthesis_agent.go:317.2,321.3 1 1
github.com/fall-out-bug/sdp/src/sdp/agents/synthesis_agent.go:325.121,329.37 2 1
github.com/fall-out-bug/sdp/src/sdp/agents/synthesis_agent.go:329.37,331.3 1 1
github.com/fall-out-bug/sdp/src/sdp/agents/synthesis_agent.go:333.2,333.33 1 1
github.com/fall-out-bug/sdp/src/sdp/agents/synthesis_agent.go:337.98,340.47 2 1
github.com/fall-out-bug/sdp/src/sdp/agents/synthesis_agent.go:340.47,342.3 1 0
github.com/fall-out-bug/sdp/src/sdp/agents/synthesis_agent.go:345.2,346.16 2 1
github.com/fall-out-bug/sdp/src/sdp/agents/synthesis_agent.go:346.16,348.3 1 0
github.com/fall-out-bug/sdp/src/sdp/agents/synthesis_agent.go:351.2,351.61 1 1
github.com/fall-out-bug/sdp/src/sdp/agents/synthesis_agent.go:351.61,353.3 1 0
github.com/fall-out-bug/sdp/src/sdp/agents/synthesis_agent.go:355.2,355.12 1 1
github.com/fall-out-bug/sdp/src/sdp/agents/synthesis_agent.go:359.128,362.16 2 1
github.com/fall-out-bug/sdp/src/sdp/agents/synthesis_agent.go:362.16,364.3 1 0
github.com/fall-out-bug/sdp/src/sdp/agents/synthesis_agent.go:367.2,368.16 2 1
github.com/fall-out-bug/sdp/src/sdp/agents/synthesis_agent.go:368.16,370.3 1 0
github.com/fall-out-bug/sdp/src/sdp/agents/synthesis_agent.go:378.2,388.16 3 1
github.com/fall-out-bug/sdp/src/sdp/agents/synthesis_agent.go:388.16,390.3 1 0
github.com/fall-out-bug/sdp/src/sdp/agents/synthesis_agent.go:393.2,394.68 2 1
github.com/fall-out-bug/sdp/src/sdp/agents/synthesis_agent.go:394.68,396.3 1 0
github.com/fall-out-bug/sdp/src/sdp/agents/synthesis_agent.go:398.2,398.20 1 1
